{"/app/src/configs/db.ts": {"path":"/app/src/configs/db.ts","statementMap":{"0":{"start":{"line":1,"column":0},"end":{"line":1,"column":28}},"1":{"start":{"line":2,"column":0},"end":{"line":2,"column":16}},"2":{"start":{"line":4,"column":0},"end":{"line":4,"column":26}},"3":{"start":{"line":6,"column":0},"end":{"line":12,"column":3}}},"fnMap":{},"branchMap":{},"s":{"0":2,"1":2,"2":2,"3":2},"f":{},"b":{}}
,"/app/src/configs/redis.ts": {"path":"/app/src/configs/redis.ts","statementMap":{"0":{"start":{"line":1,"column":0},"end":{"line":1,"column":28}},"1":{"start":{"line":4,"column":18},"end":{"line":4,"column":55}},"2":{"start":{"line":5,"column":18},"end":{"line":5,"column":48}},"3":{"start":{"line":6,"column":22},"end":{"line":6,"column":48}},"4":{"start":{"line":9,"column":35},"end":{"line":13,"column":2}},"5":{"start":{"line":12,"column":28},"end":{"line":12,"column":54}},"6":{"start":{"line":16,"column":0},"end":{"line":18,"column":1}},"7":{"start":{"line":17,"column":2},"end":{"line":17,"column":40}},"8":{"start":{"line":20,"column":20},"end":{"line":20,"column":43}},"9":{"start":{"line":24,"column":0},"end":{"line":24,"column":71}},"10":{"start":{"line":24,"column":33},"end":{"line":24,"column":69}},"11":{"start":{"line":26,"column":0},"end":{"line":26,"column":27}}},"fnMap":{"0":{"name":"(anonymous_1)","decl":{"start":{"line":12,"column":17},"end":{"line":12,"column":18}},"loc":{"start":{"line":12,"column":28},"end":{"line":12,"column":54}}},"1":{"name":"(anonymous_2)","decl":{"start":{"line":24,"column":24},"end":{"line":24,"column":25}},"loc":{"start":{"line":24,"column":33},"end":{"line":24,"column":69}}}},"branchMap":{"0":{"loc":{"start":{"line":4,"column":18},"end":{"line":4,"column":55}},"type":"binary-expr","locations":[{"start":{"line":4,"column":18},"end":{"line":4,"column":40}},{"start":{"line":4,"column":44},"end":{"line":4,"column":55}}]},"1":{"loc":{"start":{"line":16,"column":0},"end":{"line":18,"column":1}},"type":"if","locations":[{"start":{"line":16,"column":0},"end":{"line":18,"column":1}},{"start":{},"end":{}}]}},"s":{"0":2,"1":2,"2":2,"3":2,"4":2,"5":0,"6":2,"7":0,"8":2,"9":2,"10":0,"11":2},"f":{"0":0,"1":0},"b":{"0":[2,0],"1":[0,2]}}
,"/app/src/controllers/contact.controller.ts": {"path":"/app/src/controllers/contact.controller.ts","statementMap":{"0":{"start":{"line":3,"column":0},"end":{"line":3,"column":33}},"1":{"start":{"line":7,"column":29},"end":{"line":25,"column":1}},"2":{"start":{"line":8,"column":2},"end":{"line":24,"column":3}},"3":{"start":{"line":9,"column":17},"end":{"line":9,"column":40}},"4":{"start":{"line":10,"column":28},"end":{"line":10,"column":36}},"5":{"start":{"line":12,"column":19},"end":{"line":14,"column":null}},"6":{"start":{"line":17,"column":4},"end":{"line":20,"column":7}},"7":{"start":{"line":22,"column":4},"end":{"line":22,"column":51}},"8":{"start":{"line":23,"column":4},"end":{"line":23,"column":80}},"9":{"start":{"line":7,"column":13},"end":{"line":7,"column":29}},"10":{"start":{"line":28,"column":27},"end":{"line":41,"column":1}},"11":{"start":{"line":29,"column":2},"end":{"line":40,"column":3}},"12":{"start":{"line":30,"column":17},"end":{"line":30,"column":40}},"13":{"start":{"line":32,"column":19},"end":{"line":32,"column":91}},"14":{"start":{"line":33,"column":4},"end":{"line":36,"column":7}},"15":{"start":{"line":38,"column":4},"end":{"line":38,"column":53}},"16":{"start":{"line":39,"column":4},"end":{"line":39,"column":80}},"17":{"start":{"line":28,"column":13},"end":{"line":28,"column":27}},"18":{"start":{"line":44,"column":29},"end":{"line":65,"column":1}},"19":{"start":{"line":45,"column":2},"end":{"line":64,"column":3}},"20":{"start":{"line":46,"column":19},"end":{"line":46,"column":29}},"21":{"start":{"line":47,"column":28},"end":{"line":47,"column":36}},"22":{"start":{"line":48,"column":17},"end":{"line":48,"column":40}},"23":{"start":{"line":50,"column":19},"end":{"line":52,"column":null}},"24":{"start":{"line":55,"column":4},"end":{"line":58,"column":5}},"25":{"start":{"line":56,"column":6},"end":{"line":56,"column":80}},"26":{"start":{"line":57,"column":6},"end":{"line":57,"column":13}},"27":{"start":{"line":60,"column":4},"end":{"line":60,"column":54}},"28":{"start":{"line":62,"column":4},"end":{"line":62,"column":55}},"29":{"start":{"line":63,"column":4},"end":{"line":63,"column":80}},"30":{"start":{"line":44,"column":13},"end":{"line":44,"column":29}},"31":{"start":{"line":68,"column":29},"end":{"line":88,"column":1}},"32":{"start":{"line":69,"column":2},"end":{"line":87,"column":3}},"33":{"start":{"line":70,"column":19},"end":{"line":70,"column":29}},"34":{"start":{"line":71,"column":17},"end":{"line":71,"column":40}},"35":{"start":{"line":73,"column":19},"end":{"line":75,"column":null}},"36":{"start":{"line":78,"column":4},"end":{"line":81,"column":5}},"37":{"start":{"line":79,"column":6},"end":{"line":79,"column":80}},"38":{"start":{"line":80,"column":6},"end":{"line":80,"column":13}},"39":{"start":{"line":83,"column":4},"end":{"line":83,"column":83}},"40":{"start":{"line":85,"column":4},"end":{"line":85,"column":53}},"41":{"start":{"line":86,"column":4},"end":{"line":86,"column":80}},"42":{"start":{"line":68,"column":13},"end":{"line":68,"column":29}}},"fnMap":{"0":{"name":"(anonymous_1)","decl":{"start":{"line":7,"column":29},"end":{"line":7,"column":34}},"loc":{"start":{"line":7,"column":82},"end":{"line":25,"column":1}}},"1":{"name":"(anonymous_2)","decl":{"start":{"line":28,"column":27},"end":{"line":28,"column":32}},"loc":{"start":{"line":28,"column":80},"end":{"line":41,"column":1}}},"2":{"name":"(anonymous_3)","decl":{"start":{"line":44,"column":29},"end":{"line":44,"column":34}},"loc":{"start":{"line":44,"column":82},"end":{"line":65,"column":1}}},"3":{"name":"(anonymous_4)","decl":{"start":{"line":68,"column":29},"end":{"line":68,"column":34}},"loc":{"start":{"line":68,"column":82},"end":{"line":88,"column":1}}}},"branchMap":{"0":{"loc":{"start":{"line":55,"column":4},"end":{"line":58,"column":5}},"type":"if","locations":[{"start":{"line":55,"column":4},"end":{"line":58,"column":5}},{"start":{},"end":{}}]},"1":{"loc":{"start":{"line":78,"column":4},"end":{"line":81,"column":5}},"type":"if","locations":[{"start":{"line":78,"column":4},"end":{"line":81,"column":5}},{"start":{},"end":{}}]}},"s":{"0":2,"1":2,"2":1,"3":1,"4":1,"5":1,"6":1,"7":0,"8":0,"9":2,"10":2,"11":1,"12":1,"13":1,"14":1,"15":0,"16":0,"17":2,"18":2,"19":2,"20":2,"21":2,"22":2,"23":2,"24":2,"25":1,"26":1,"27":1,"28":0,"29":0,"30":2,"31":2,"32":2,"33":2,"34":2,"35":2,"36":2,"37":1,"38":1,"39":1,"40":0,"41":0,"42":2},"f":{"0":1,"1":1,"2":2,"3":2},"b":{"0":[1,1],"1":[1,1]}}
,"/app/src/controllers/user.controller.ts": {"path":"/app/src/controllers/user.controller.ts","statementMap":{"0":{"start":{"line":3,"column":0},"end":{"line":3,"column":28}},"1":{"start":{"line":4,"column":0},"end":{"line":4,"column":31}},"2":{"start":{"line":5,"column":0},"end":{"line":5,"column":58}},"3":{"start":{"line":7,"column":0},"end":{"line":7,"column":43}},"4":{"start":{"line":8,"column":0},"end":{"line":8,"column":28}},"5":{"start":{"line":11,"column":26},"end":{"line":37,"column":1}},"6":{"start":{"line":12,"column":2},"end":{"line":36,"column":3}},"7":{"start":{"line":13,"column":35},"end":{"line":13,"column":43}},"8":{"start":{"line":15,"column":27},"end":{"line":15,"column":58}},"9":{"start":{"line":17,"column":4},"end":{"line":20,"column":6}},"10":{"start":{"line":22,"column":4},"end":{"line":25,"column":7}},"11":{"start":{"line":27,"column":4},"end":{"line":33,"column":5}},"12":{"start":{"line":28,"column":6},"end":{"line":31,"column":9}},"13":{"start":{"line":32,"column":6},"end":{"line":32,"column":13}},"14":{"start":{"line":35,"column":4},"end":{"line":35,"column":78}},"15":{"start":{"line":11,"column":13},"end":{"line":11,"column":26}},"16":{"start":{"line":40,"column":25},"end":{"line":75,"column":1}},"17":{"start":{"line":41,"column":2},"end":{"line":74,"column":3}},"18":{"start":{"line":42,"column":35},"end":{"line":42,"column":43}},"19":{"start":{"line":44,"column":19},"end":{"line":46,"column":6}},"20":{"start":{"line":47,"column":4},"end":{"line":50,"column":5}},"21":{"start":{"line":48,"column":6},"end":{"line":48,"column":80}},"22":{"start":{"line":49,"column":6},"end":{"line":49,"column":13}},"23":{"start":{"line":52,"column":17},"end":{"line":52,"column":31}},"24":{"start":{"line":53,"column":26},"end":{"line":53,"column":71}},"25":{"start":{"line":55,"column":4},"end":{"line":58,"column":5}},"26":{"start":{"line":56,"column":6},"end":{"line":56,"column":80}},"27":{"start":{"line":57,"column":6},"end":{"line":57,"column":13}},"28":{"start":{"line":60,"column":33},"end":{"line":60,"column":73}},"29":{"start":{"line":62,"column":18},"end":{"line":62,"column":40}},"30":{"start":{"line":64,"column":4},"end":{"line":71,"column":7}},"31":{"start":{"line":73,"column":4},"end":{"line":73,"column":79}},"32":{"start":{"line":40,"column":13},"end":{"line":40,"column":25}},"33":{"start":{"line":79,"column":26},"end":{"line":123,"column":1}},"34":{"start":{"line":80,"column":2},"end":{"line":122,"column":3}},"35":{"start":{"line":81,"column":23},"end":{"line":81,"column":48}},"36":{"start":{"line":82,"column":4},"end":{"line":88,"column":5}},"37":{"start":{"line":83,"column":6},"end":{"line":86,"column":9}},"38":{"start":{"line":87,"column":6},"end":{"line":87,"column":13}},"39":{"start":{"line":90,"column":18},"end":{"line":90,"column":42}},"40":{"start":{"line":93,"column":25},"end":{"line":93,"column":49}},"41":{"start":{"line":94,"column":16},"end":{"line":94,"column":28}},"42":{"start":{"line":95,"column":4},"end":{"line":101,"column":5}},"43":{"start":{"line":96,"column":6},"end":{"line":99,"column":9}},"44":{"start":{"line":100,"column":6},"end":{"line":100,"column":13}},"45":{"start":{"line":104,"column":16},"end":{"line":104,"column":51}},"46":{"start":{"line":107,"column":22},"end":{"line":107,"column":77}},"47":{"start":{"line":109,"column":4},"end":{"line":114,"column":5}},"48":{"start":{"line":110,"column":6},"end":{"line":110,"column":73}},"49":{"start":{"line":113,"column":6},"end":{"line":113,"column":72}},"50":{"start":{"line":116,"column":4},"end":{"line":119,"column":7}},"51":{"start":{"line":121,"column":4},"end":{"line":121,"column":80}},"52":{"start":{"line":79,"column":13},"end":{"line":79,"column":26}}},"fnMap":{"0":{"name":"(anonymous_1)","decl":{"start":{"line":11,"column":26},"end":{"line":11,"column":31}},"loc":{"start":{"line":11,"column":79},"end":{"line":37,"column":1}}},"1":{"name":"(anonymous_2)","decl":{"start":{"line":40,"column":25},"end":{"line":40,"column":30}},"loc":{"start":{"line":40,"column":78},"end":{"line":75,"column":1}}},"2":{"name":"(anonymous_3)","decl":{"start":{"line":79,"column":26},"end":{"line":79,"column":31}},"loc":{"start":{"line":79,"column":79},"end":{"line":123,"column":1}}}},"branchMap":{"0":{"loc":{"start":{"line":27,"column":4},"end":{"line":33,"column":5}},"type":"if","locations":[{"start":{"line":27,"column":4},"end":{"line":33,"column":5}},{"start":{},"end":{}}]},"1":{"loc":{"start":{"line":30,"column":15},"end":{"line":30,"column":79}},"type":"binary-expr","locations":[{"start":{"line":30,"column":15},"end":{"line":30,"column":28}},{"start":{"line":30,"column":32},"end":{"line":30,"column":79}}]},"2":{"loc":{"start":{"line":47,"column":4},"end":{"line":50,"column":5}},"type":"if","locations":[{"start":{"line":47,"column":4},"end":{"line":50,"column":5}},{"start":{},"end":{}}]},"3":{"loc":{"start":{"line":55,"column":4},"end":{"line":58,"column":5}},"type":"if","locations":[{"start":{"line":55,"column":4},"end":{"line":58,"column":5}},{"start":{},"end":{}}]},"4":{"loc":{"start":{"line":82,"column":4},"end":{"line":88,"column":5}},"type":"if","locations":[{"start":{"line":82,"column":4},"end":{"line":88,"column":5}},{"start":{},"end":{}}]},"5":{"loc":{"start":{"line":82,"column":8},"end":{"line":82,"column":56}},"type":"binary-expr","locations":[{"start":{"line":82,"column":8},"end":{"line":82,"column":19}},{"start":{"line":82,"column":23},"end":{"line":82,"column":56}}]},"6":{"loc":{"start":{"line":95,"column":4},"end":{"line":101,"column":5}},"type":"if","locations":[{"start":{"line":95,"column":4},"end":{"line":101,"column":5}},{"start":{},"end":{}}]},"7":{"loc":{"start":{"line":109,"column":4},"end":{"line":114,"column":5}},"type":"if","locations":[{"start":{"line":109,"column":4},"end":{"line":114,"column":5}},{"start":{"line":111,"column":11},"end":{"line":114,"column":5}}]}},"s":{"0":2,"1":2,"2":2,"3":2,"4":2,"5":2,"6":3,"7":3,"8":3,"9":3,"10":2,"11":1,"12":1,"13":1,"14":0,"15":2,"16":2,"17":4,"18":4,"19":4,"20":4,"21":1,"22":1,"23":3,"24":3,"25":3,"26":1,"27":1,"28":2,"29":2,"30":2,"31":0,"32":2,"33":2,"34":1,"35":1,"36":1,"37":0,"38":0,"39":1,"40":1,"41":1,"42":1,"43":0,"44":0,"45":1,"46":1,"47":1,"48":1,"49":0,"50":1,"51":0,"52":2},"f":{"0":3,"1":4,"2":1},"b":{"0":[1,0],"1":[1,0],"2":[1,3],"3":[1,2],"4":[0,1],"5":[1,1],"6":[0,1],"7":[1,0]}}
,"/app/src/middlewares/authMiddleware.ts": {"path":"/app/src/middlewares/authMiddleware.ts","statementMap":{"0":{"start":{"line":7,"column":0},"end":{"line":7,"column":7}},"1":{"start":{"line":3,"column":0},"end":{"line":3,"column":43}},"2":{"start":{"line":4,"column":0},"end":{"line":4,"column":43}},"3":{"start":{"line":5,"column":0},"end":{"line":5,"column":28}},"4":{"start":{"line":12,"column":2},"end":{"line":47,"column":3}},"5":{"start":{"line":13,"column":23},"end":{"line":13,"column":48}},"6":{"start":{"line":14,"column":4},"end":{"line":20,"column":5}},"7":{"start":{"line":15,"column":6},"end":{"line":18,"column":9}},"8":{"start":{"line":19,"column":6},"end":{"line":19,"column":13}},"9":{"start":{"line":22,"column":18},"end":{"line":22,"column":42}},"10":{"start":{"line":25,"column":22},"end":{"line":25,"column":77}},"11":{"start":{"line":28,"column":26},"end":{"line":28,"column":77}},"12":{"start":{"line":29,"column":5},"end":{"line":35,"column":5}},"13":{"start":{"line":30,"column":6},"end":{"line":33,"column":9}},"14":{"start":{"line":34,"column":6},"end":{"line":34,"column":13}},"15":{"start":{"line":38,"column":20},"end":{"line":38,"column":38}},"16":{"start":{"line":40,"column":4},"end":{"line":40,"column":23}},"17":{"start":{"line":41,"column":4},"end":{"line":41,"column":11}},"18":{"start":{"line":43,"column":4},"end":{"line":46,"column":7}}},"fnMap":{"0":{"name":"authMiddleware","decl":{"start":{"line":7,"column":22},"end":{"line":7,"column":36}},"loc":{"start":{"line":10,"column":20},"end":{"line":48,"column":1}}}},"branchMap":{"0":{"loc":{"start":{"line":14,"column":4},"end":{"line":20,"column":5}},"type":"if","locations":[{"start":{"line":14,"column":4},"end":{"line":20,"column":5}},{"start":{},"end":{}}]},"1":{"loc":{"start":{"line":14,"column":8},"end":{"line":14,"column":56}},"type":"binary-expr","locations":[{"start":{"line":14,"column":8},"end":{"line":14,"column":19}},{"start":{"line":14,"column":23},"end":{"line":14,"column":56}}]},"2":{"loc":{"start":{"line":29,"column":5},"end":{"line":35,"column":5}},"type":"if","locations":[{"start":{"line":29,"column":5},"end":{"line":35,"column":5}},{"start":{},"end":{}}]}},"s":{"0":2,"1":2,"2":2,"3":2,"4":11,"5":11,"6":11,"7":0,"8":0,"9":11,"10":11,"11":11,"12":11,"13":1,"14":1,"15":10,"16":10,"17":10,"18":0},"f":{"0":11},"b":{"0":[0,11],"1":[11,11],"2":[1,10]}}
,"/app/src/middlewares/validateBody.ts": {"path":"/app/src/middlewares/validateBody.ts","statementMap":{"0":{"start":{"line":17,"column":28},"end":{"line":64,"column":1}},"1":{"start":{"line":18,"column":2},"end":{"line":63,"column":4}},"2":{"start":{"line":19,"column":29},"end":{"line":19,"column":31}},"3":{"start":{"line":21,"column":4},"end":{"line":51,"column":5}},"4":{"start":{"line":22,"column":20},"end":{"line":22,"column":40}},"5":{"start":{"line":25,"column":6},"end":{"line":28,"column":7}},"6":{"start":{"line":26,"column":8},"end":{"line":26,"column":56}},"7":{"start":{"line":27,"column":8},"end":{"line":27,"column":17}},"8":{"start":{"line":30,"column":6},"end":{"line":50,"column":7}},"9":{"start":{"line":32,"column":8},"end":{"line":34,"column":9}},"10":{"start":{"line":33,"column":10},"end":{"line":33,"column":76}},"11":{"start":{"line":37,"column":8},"end":{"line":39,"column":9}},"12":{"start":{"line":38,"column":10},"end":{"line":38,"column":94}},"13":{"start":{"line":42,"column":8},"end":{"line":44,"column":9}},"14":{"start":{"line":43,"column":10},"end":{"line":43,"column":94}},"15":{"start":{"line":47,"column":8},"end":{"line":49,"column":9}},"16":{"start":{"line":48,"column":10},"end":{"line":48,"column":81}},"17":{"start":{"line":53,"column":4},"end":{"line":60,"column":5}},"18":{"start":{"line":54,"column":6},"end":{"line":58,"column":9}},"19":{"start":{"line":59,"column":6},"end":{"line":59,"column":13}},"20":{"start":{"line":62,"column":4},"end":{"line":62,"column":11}},"21":{"start":{"line":17,"column":13},"end":{"line":17,"column":28}}},"fnMap":{"0":{"name":"(anonymous_0)","decl":{"start":{"line":17,"column":28},"end":{"line":17,"column":29}},"loc":{"start":{"line":17,"column":74},"end":{"line":64,"column":1}}},"1":{"name":"(anonymous_1)","decl":{"start":{"line":18,"column":9},"end":{"line":18,"column":10}},"loc":{"start":{"line":18,"column":61},"end":{"line":63,"column":3}}}},"branchMap":{"0":{"loc":{"start":{"line":25,"column":6},"end":{"line":28,"column":7}},"type":"if","locations":[{"start":{"line":25,"column":6},"end":{"line":28,"column":7}},{"start":{},"end":{}}]},"1":{"loc":{"start":{"line":25,"column":10},"end":{"line":25,"column":83}},"type":"binary-expr","locations":[{"start":{"line":25,"column":10},"end":{"line":25,"column":24}},{"start":{"line":25,"column":29},"end":{"line":25,"column":48}},{"start":{"line":25,"column":52},"end":{"line":25,"column":66}},{"start":{"line":25,"column":70},"end":{"line":25,"column":82}}]},"2":{"loc":{"start":{"line":30,"column":6},"end":{"line":50,"column":7}},"type":"if","locations":[{"start":{"line":30,"column":6},"end":{"line":50,"column":7}},{"start":{},"end":{}}]},"3":{"loc":{"start":{"line":30,"column":10},"end":{"line":30,"column":47}},"type":"binary-expr","locations":[{"start":{"line":30,"column":10},"end":{"line":30,"column":29}},{"start":{"line":30,"column":33},"end":{"line":30,"column":47}}]},"4":{"loc":{"start":{"line":32,"column":8},"end":{"line":34,"column":9}},"type":"if","locations":[{"start":{"line":32,"column":8},"end":{"line":34,"column":9}},{"start":{},"end":{}}]},"5":{"loc":{"start":{"line":32,"column":12},"end":{"line":32,"column":53}},"type":"binary-expr","locations":[{"start":{"line":32,"column":12},"end":{"line":32,"column":22}},{"start":{"line":32,"column":26},"end":{"line":32,"column":53}}]},"6":{"loc":{"start":{"line":37,"column":8},"end":{"line":39,"column":9}},"type":"if","locations":[{"start":{"line":37,"column":8},"end":{"line":39,"column":9}},{"start":{},"end":{}}]},"7":{"loc":{"start":{"line":37,"column":12},"end":{"line":37,"column":88}},"type":"binary-expr","locations":[{"start":{"line":37,"column":12},"end":{"line":37,"column":35}},{"start":{"line":37,"column":39},"end":{"line":37,"column":54}},{"start":{"line":37,"column":58},"end":{"line":37,"column":88}}]},"8":{"loc":{"start":{"line":42,"column":8},"end":{"line":44,"column":9}},"type":"if","locations":[{"start":{"line":42,"column":8},"end":{"line":44,"column":9}},{"start":{},"end":{}}]},"9":{"loc":{"start":{"line":42,"column":12},"end":{"line":42,"column":88}},"type":"binary-expr","locations":[{"start":{"line":42,"column":12},"end":{"line":42,"column":35}},{"start":{"line":42,"column":39},"end":{"line":42,"column":54}},{"start":{"line":42,"column":58},"end":{"line":42,"column":88}}]},"10":{"loc":{"start":{"line":47,"column":8},"end":{"line":49,"column":9}},"type":"if","locations":[{"start":{"line":47,"column":8},"end":{"line":49,"column":9}},{"start":{},"end":{}}]},"11":{"loc":{"start":{"line":47,"column":12},"end":{"line":47,"column":55}},"type":"binary-expr","locations":[{"start":{"line":47,"column":12},"end":{"line":47,"column":25}},{"start":{"line":47,"column":29},"end":{"line":47,"column":55}}]},"12":{"loc":{"start":{"line":53,"column":4},"end":{"line":60,"column":5}},"type":"if","locations":[{"start":{"line":53,"column":4},"end":{"line":60,"column":5}},{"start":{},"end":{}}]}},"s":{"0":2,"1":8,"2":16,"3":16,"4":32,"5":32,"6":2,"7":2,"8":30,"9":30,"10":0,"11":30,"12":3,"13":30,"14":0,"15":30,"16":1,"17":16,"18":6,"19":6,"20":10,"21":2},"f":{"0":8,"1":16},"b":{"0":[2,30],"1":[32,32,30,30],"2":[30,0],"3":[30,30],"4":[0,30],"5":[30,30],"6":[3,27],"7":[30,30,15],"8":[0,30],"9":[30,30,5],"10":[1,29],"11":[30,6],"12":[6,10]}}
,"/app/src/routes/contacts.routes.ts": {"path":"/app/src/routes/contacts.routes.ts","statementMap":{"0":{"start":{"line":1,"column":0},"end":{"line":1,"column":33}},"1":{"start":{"line":2,"column":0},"end":{"line":2,"column":null}},"2":{"start":{"line":8,"column":0},"end":{"line":8,"column":59}},"3":{"start":{"line":10,"column":15},"end":{"line":10,"column":23}},"4":{"start":{"line":13,"column":0},"end":{"line":20,"column":2}},"5":{"start":{"line":23,"column":0},"end":{"line":23,"column":29}},"6":{"start":{"line":26,"column":0},"end":{"line":33,"column":2}},"7":{"start":{"line":36,"column":0},"end":{"line":36,"column":37}},"8":{"start":{"line":38,"column":0},"end":{"line":38,"column":22}}},"fnMap":{},"branchMap":{},"s":{"0":2,"1":2,"2":2,"3":2,"4":2,"5":2,"6":2,"7":2,"8":2},"f":{},"b":{}}
,"/app/src/routes/index.ts": {"path":"/app/src/routes/index.ts","statementMap":{"0":{"start":{"line":1,"column":0},"end":{"line":1,"column":30}},"1":{"start":{"line":2,"column":0},"end":{"line":2,"column":34}},"2":{"start":{"line":3,"column":0},"end":{"line":3,"column":40}},"3":{"start":{"line":4,"column":0},"end":{"line":4,"column":63}},"4":{"start":{"line":6,"column":15},"end":{"line":6,"column":31}},"5":{"start":{"line":8,"column":0},"end":{"line":8,"column":27}},"6":{"start":{"line":9,"column":0},"end":{"line":9,"column":49}},"7":{"start":{"line":11,"column":0},"end":{"line":11,"column":22}}},"fnMap":{},"branchMap":{},"s":{"0":2,"1":2,"2":2,"3":2,"4":2,"5":2,"6":2,"7":2},"f":{},"b":{}}
,"/app/src/routes/users.routes.ts": {"path":"/app/src/routes/users.routes.ts","statementMap":{"0":{"start":{"line":1,"column":0},"end":{"line":1,"column":33}},"1":{"start":{"line":2,"column":0},"end":{"line":2,"column":83}},"2":{"start":{"line":3,"column":0},"end":{"line":3,"column":59}},"3":{"start":{"line":4,"column":0},"end":{"line":4,"column":63}},"4":{"start":{"line":6,"column":15},"end":{"line":6,"column":23}},"5":{"start":{"line":9,"column":0},"end":{"line":16,"column":2}},"6":{"start":{"line":19,"column":0},"end":{"line":26,"column":2}},"7":{"start":{"line":29,"column":0},"end":{"line":29,"column":51}},"8":{"start":{"line":31,"column":0},"end":{"line":31,"column":22}}},"fnMap":{},"branchMap":{},"s":{"0":2,"1":2,"2":2,"3":2,"4":2,"5":2,"6":2,"7":2,"8":2},"f":{},"b":{}}
,"/app/src/utils/jwt.ts": {"path":"/app/src/utils/jwt.ts","statementMap":{"0":{"start":{"line":13,"column":0},"end":{"line":13,"column":16}},"1":{"start":{"line":19,"column":0},"end":{"line":19,"column":16}},"2":{"start":{"line":2,"column":0},"end":{"line":2,"column":48}},"3":{"start":{"line":5,"column":19},"end":{"line":5,"column":47}},"4":{"start":{"line":6,"column":24},"end":{"line":6,"column":58}},"5":{"start":{"line":8,"column":0},"end":{"line":10,"column":1}},"6":{"start":{"line":9,"column":2},"end":{"line":9,"column":77}},"7":{"start":{"line":14,"column":31},"end":{"line":14,"column":60}},"8":{"start":{"line":15,"column":2},"end":{"line":15,"column":48}},"9":{"start":{"line":23,"column":2},"end":{"line":23,"column":76}}},"fnMap":{"0":{"name":"generateToken","decl":{"start":{"line":13,"column":16},"end":{"line":13,"column":29}},"loc":{"start":{"line":13,"column":50},"end":{"line":16,"column":1}}},"1":{"name":"verifyToken","decl":{"start":{"line":19,"column":16},"end":{"line":19,"column":27}},"loc":{"start":{"line":21,"column":26},"end":{"line":24,"column":1}}}},"branchMap":{"0":{"loc":{"start":{"line":5,"column":19},"end":{"line":5,"column":47}},"type":"binary-expr","locations":[{"start":{"line":5,"column":19},"end":{"line":5,"column":41}},{"start":{"line":5,"column":45},"end":{"line":5,"column":47}}]},"1":{"loc":{"start":{"line":6,"column":24},"end":{"line":6,"column":58}},"type":"binary-expr","locations":[{"start":{"line":6,"column":24},"end":{"line":6,"column":50}},{"start":{"line":6,"column":54},"end":{"line":6,"column":58}}]},"2":{"loc":{"start":{"line":8,"column":0},"end":{"line":10,"column":1}},"type":"if","locations":[{"start":{"line":8,"column":0},"end":{"line":10,"column":1}},{"start":{},"end":{}}]},"3":{"loc":{"start":{"line":21,"column":2},"end":{"line":21,"column":26}},"type":"default-arg","locations":[{"start":{"line":21,"column":21},"end":{"line":21,"column":26}}]}},"s":{"0":2,"1":2,"2":2,"3":2,"4":2,"5":2,"6":0,"7":2,"8":2,"9":11},"f":{"0":2,"1":11},"b":{"0":[2,0],"1":[2,0],"2":[0,2],"3":[10]}}
}
