TN:
SF:src/configs/db.ts
FNF:0
FNH:0
DA:1,2
DA:2,2
DA:4,2
DA:6,2
LF:4
LH:4
BRF:0
BRH:0
end_of_record
TN:
SF:src/configs/redis.ts
FN:12,(anonymous_1)
FN:24,(anonymous_2)
FNF:2
FNH:0
FNDA:0,(anonymous_1)
FNDA:0,(anonymous_2)
DA:1,2
DA:4,2
DA:5,2
DA:6,2
DA:9,2
DA:12,0
DA:16,2
DA:17,0
DA:20,2
DA:24,2
DA:26,2
LF:11
LH:9
BRDA:4,0,0,2
BRDA:4,0,1,0
BRDA:16,1,0,0
BRDA:16,1,1,2
BRF:4
BRH:2
end_of_record
TN:
SF:src/controllers/contact.controller.ts
FN:7,(anonymous_1)
FN:28,(anonymous_2)
FN:44,(anonymous_3)
FN:68,(anonymous_4)
FNF:4
FNH:4
FNDA:1,(anonymous_1)
FNDA:1,(anonymous_2)
FNDA:2,(anonymous_3)
FNDA:2,(anonymous_4)
DA:3,2
DA:7,2
DA:8,1
DA:9,1
DA:10,1
DA:12,1
DA:17,1
DA:22,0
DA:23,0
DA:28,2
DA:29,1
DA:30,1
DA:32,1
DA:33,1
DA:38,0
DA:39,0
DA:44,2
DA:45,2
DA:46,2
DA:47,2
DA:48,2
DA:50,2
DA:55,2
DA:56,1
DA:57,1
DA:60,1
DA:62,0
DA:63,0
DA:68,2
DA:69,2
DA:70,2
DA:71,2
DA:73,2
DA:78,2
DA:79,1
DA:80,1
DA:83,1
DA:85,0
DA:86,0
LF:39
LH:31
BRDA:55,0,0,1
BRDA:55,0,1,1
BRDA:78,1,0,1
BRDA:78,1,1,1
BRF:4
BRH:4
end_of_record
TN:
SF:src/controllers/user.controller.ts
FN:11,(anonymous_1)
FN:40,(anonymous_2)
FN:79,(anonymous_3)
FNF:3
FNH:3
FNDA:3,(anonymous_1)
FNDA:4,(anonymous_2)
FNDA:1,(anonymous_3)
DA:3,2
DA:4,2
DA:5,2
DA:7,2
DA:8,2
DA:11,2
DA:12,3
DA:13,3
DA:15,3
DA:17,3
DA:22,2
DA:27,1
DA:28,1
DA:32,1
DA:35,0
DA:40,2
DA:41,4
DA:42,4
DA:44,4
DA:47,4
DA:48,1
DA:49,1
DA:52,3
DA:53,3
DA:55,3
DA:56,1
DA:57,1
DA:60,2
DA:62,2
DA:64,2
DA:73,0
DA:79,2
DA:80,1
DA:81,1
DA:82,1
DA:83,0
DA:87,0
DA:90,1
DA:93,1
DA:94,1
DA:95,1
DA:96,0
DA:100,0
DA:104,1
DA:107,1
DA:109,1
DA:110,1
DA:113,0
DA:116,1
DA:121,0
LF:50
LH:42
BRDA:27,0,0,1
BRDA:27,0,1,0
BRDA:30,1,0,1
BRDA:30,1,1,0
BRDA:47,2,0,1
BRDA:47,2,1,3
BRDA:55,3,0,1
BRDA:55,3,1,2
BRDA:82,4,0,0
BRDA:82,4,1,1
BRDA:82,5,0,1
BRDA:82,5,1,1
BRDA:95,6,0,0
BRDA:95,6,1,1
BRDA:109,7,0,1
BRDA:109,7,1,0
BRF:16
BRH:11
end_of_record
TN:
SF:src/middlewares/authMiddleware.ts
FN:7,authMiddleware
FNF:1
FNH:1
FNDA:11,authMiddleware
DA:3,2
DA:4,2
DA:5,2
DA:7,2
DA:12,11
DA:13,11
DA:14,11
DA:15,0
DA:19,0
DA:22,11
DA:25,11
DA:28,11
DA:29,11
DA:30,1
DA:34,1
DA:38,10
DA:40,10
DA:41,10
DA:43,0
LF:19
LH:16
BRDA:14,0,0,0
BRDA:14,0,1,11
BRDA:14,1,0,11
BRDA:14,1,1,11
BRDA:29,2,0,1
BRDA:29,2,1,10
BRF:6
BRH:5
end_of_record
TN:
SF:src/middlewares/validateBody.ts
FN:17,(anonymous_0)
FN:18,(anonymous_1)
FNF:2
FNH:2
FNDA:8,(anonymous_0)
FNDA:16,(anonymous_1)
DA:17,2
DA:18,8
DA:19,16
DA:21,16
DA:22,32
DA:25,32
DA:26,2
DA:27,2
DA:30,30
DA:32,30
DA:33,0
DA:37,30
DA:38,3
DA:42,30
DA:43,0
DA:47,30
DA:48,1
DA:53,16
DA:54,6
DA:59,6
DA:62,10
LF:21
LH:19
BRDA:25,0,0,2
BRDA:25,0,1,30
BRDA:25,1,0,32
BRDA:25,1,1,32
BRDA:25,1,2,30
BRDA:25,1,3,30
BRDA:30,2,0,30
BRDA:30,2,1,0
BRDA:30,3,0,30
BRDA:30,3,1,30
BRDA:32,4,0,0
BRDA:32,4,1,30
BRDA:32,5,0,30
BRDA:32,5,1,30
BRDA:37,6,0,3
BRDA:37,6,1,27
BRDA:37,7,0,30
BRDA:37,7,1,30
BRDA:37,7,2,15
BRDA:42,8,0,0
BRDA:42,8,1,30
BRDA:42,9,0,30
BRDA:42,9,1,30
BRDA:42,9,2,5
BRDA:47,10,0,1
BRDA:47,10,1,29
BRDA:47,11,0,30
BRDA:47,11,1,6
BRDA:53,12,0,6
BRDA:53,12,1,10
BRF:30
BRH:27
end_of_record
TN:
SF:src/routes/contacts.routes.ts
FNF:0
FNH:0
DA:1,2
DA:2,2
DA:8,2
DA:10,2
DA:13,2
DA:23,2
DA:26,2
DA:36,2
DA:38,2
LF:9
LH:9
BRF:0
BRH:0
end_of_record
TN:
SF:src/routes/index.ts
FNF:0
FNH:0
DA:1,2
DA:2,2
DA:3,2
DA:4,2
DA:6,2
DA:8,2
DA:9,2
DA:11,2
LF:8
LH:8
BRF:0
BRH:0
end_of_record
TN:
SF:src/routes/users.routes.ts
FNF:0
FNH:0
DA:1,2
DA:2,2
DA:3,2
DA:4,2
DA:6,2
DA:9,2
DA:19,2
DA:29,2
DA:31,2
LF:9
LH:9
BRF:0
BRH:0
end_of_record
TN:
SF:src/utils/jwt.ts
FN:13,generateToken
FN:19,verifyToken
FNF:2
FNH:2
FNDA:2,generateToken
FNDA:11,verifyToken
DA:2,2
DA:5,2
DA:6,2
DA:8,2
DA:9,0
DA:13,2
DA:14,2
DA:15,2
DA:19,2
DA:23,11
LF:10
LH:9
BRDA:5,0,0,2
BRDA:5,0,1,0
BRDA:6,1,0,2
BRDA:6,1,1,0
BRDA:8,2,0,0
BRDA:8,2,1,2
BRDA:21,3,0,10
BRF:7
BRH:4
end_of_record
